2021-12-12 13:20:28,127 [INFO] from icu.nickxiao.rest.RestApplication-line:? in main - Starting RestApplication using Java 11.0.13 on MacBook-Pro-10.local with PID 37218 (/Users/nick/private/blog-be/rest/target/classes started by nick in /Users/nick/private/blog-be)
2021-12-12 13:20:28,132 [INFO] from icu.nickxiao.rest.RestApplication-line:? in main - No active profile set, falling back to default profiles: default
2021-12-12 13:20:28,133 [INFO] from org.hibernate.validator.internal.util.Version-line:? in background-preinit - HV000001: Hibernate Validator 6.1.7.Final
2021-12-12 13:20:29,129 [WARN] from org.mybatis.spring.mapper.ClassPathMapperScanner-line:? in main - No MyBatis mapper was found in '[icu.nickxiao.rest]' package. Please check your configuration.
2021-12-12 13:20:29,200 [INFO] from org.springframework.context.support.PostProcessorRegistrationDelegate$BeanPostProcessorChecker-line:? in main - Bean 'org.apache.shiro.spring.boot.autoconfigure.ShiroBeanAutoConfiguration' of type [org.apache.shiro.spring.boot.autoconfigure.ShiroBeanAutoConfiguration$$EnhancerBySpringCGLIB$$67cf0102] is not eligible for getting processed by all BeanPostProcessors (for example: not eligible for auto-proxying)
2021-12-12 13:20:29,228 [INFO] from org.springframework.context.support.PostProcessorRegistrationDelegate$BeanPostProcessorChecker-line:? in main - Bean 'org.apache.shiro.spring.boot.autoconfigure.ShiroAnnotationProcessorAutoConfiguration' of type [org.apache.shiro.spring.boot.autoconfigure.ShiroAnnotationProcessorAutoConfiguration$$EnhancerBySpringCGLIB$$6a623fa7] is not eligible for getting processed by all BeanPostProcessors (for example: not eligible for auto-proxying)
2021-12-12 13:20:29,251 [INFO] from org.springframework.context.support.PostProcessorRegistrationDelegate$BeanPostProcessorChecker-line:? in main - Bean 'eventBus' of type [org.apache.shiro.event.support.DefaultEventBus] is not eligible for getting processed by all BeanPostProcessors (for example: not eligible for auto-proxying)
2021-12-12 13:20:29,296 [INFO] from org.springframework.context.support.PostProcessorRegistrationDelegate$BeanPostProcessorChecker-line:? in main - Bean 'org.apache.shiro.spring.config.web.autoconfigure.ShiroWebAutoConfiguration' of type [org.apache.shiro.spring.config.web.autoconfigure.ShiroWebAutoConfiguration$$EnhancerBySpringCGLIB$$8c6b616c] is not eligible for getting processed by all BeanPostProcessors (for example: not eligible for auto-proxying)
2021-12-12 13:20:29,324 [INFO] from org.springframework.context.support.PostProcessorRegistrationDelegate$BeanPostProcessorChecker-line:? in main - Bean 'commonConfig' of type [icu.nickxiao.common.pojo.CommonConfig$$EnhancerBySpringCGLIB$$81d6f284] is not eligible for getting processed by all BeanPostProcessors (for example: not eligible for auto-proxying)
2021-12-12 13:20:29,330 [INFO] from org.springframework.context.support.PostProcessorRegistrationDelegate$BeanPostProcessorChecker-line:? in main - Bean 'customAuthorizingRealm' of type [icu.nickxiao.web.auth.CustomAuthorizingRealm] is not eligible for getting processed by all BeanPostProcessors (for example: not eligible for auto-proxying)
2021-12-12 13:20:29,387 [INFO] from org.springframework.context.support.PostProcessorRegistrationDelegate$BeanPostProcessorChecker-line:? in main - Bean 'sessionStorageEvaluator' of type [org.apache.shiro.web.mgt.DefaultWebSessionStorageEvaluator] is not eligible for getting processed by all BeanPostProcessors (for example: not eligible for auto-proxying)
2021-12-12 13:20:29,388 [INFO] from org.springframework.context.support.PostProcessorRegistrationDelegate$BeanPostProcessorChecker-line:? in main - Bean 'subjectDAO' of type [org.apache.shiro.mgt.DefaultSubjectDAO] is not eligible for getting processed by all BeanPostProcessors (for example: not eligible for auto-proxying)
2021-12-12 13:20:29,388 [INFO] from org.springframework.context.support.PostProcessorRegistrationDelegate$BeanPostProcessorChecker-line:? in main - Bean 'subjectFactory' of type [org.apache.shiro.web.mgt.DefaultWebSubjectFactory] is not eligible for getting processed by all BeanPostProcessors (for example: not eligible for auto-proxying)
2021-12-12 13:20:29,390 [INFO] from org.springframework.context.support.PostProcessorRegistrationDelegate$BeanPostProcessorChecker-line:? in main - Bean 'rememberMeCookieTemplate' of type [org.apache.shiro.web.servlet.SimpleCookie] is not eligible for getting processed by all BeanPostProcessors (for example: not eligible for auto-proxying)
2021-12-12 13:20:29,392 [INFO] from org.springframework.context.support.PostProcessorRegistrationDelegate$BeanPostProcessorChecker-line:? in main - Bean 'rememberMeManager' of type [org.apache.shiro.web.mgt.CookieRememberMeManager] is not eligible for getting processed by all BeanPostProcessors (for example: not eligible for auto-proxying)
2021-12-12 13:20:29,394 [INFO] from org.springframework.context.support.PostProcessorRegistrationDelegate$BeanPostProcessorChecker-line:? in main - Bean 'authenticationStrategy' of type [org.apache.shiro.authc.pam.AtLeastOneSuccessfulStrategy] is not eligible for getting processed by all BeanPostProcessors (for example: not eligible for auto-proxying)
2021-12-12 13:20:29,395 [INFO] from org.springframework.context.support.PostProcessorRegistrationDelegate$BeanPostProcessorChecker-line:? in main - Bean 'authenticator' of type [org.apache.shiro.authc.pam.ModularRealmAuthenticator] is not eligible for getting processed by all BeanPostProcessors (for example: not eligible for auto-proxying)
2021-12-12 13:20:29,400 [WARN] from org.springframework.boot.web.servlet.context.AnnotationConfigServletWebServerApplicationContext-line:? in main - Exception encountered during context initialization - cancelling refresh attempt: org.springframework.beans.factory.BeanCreationException: Error creating bean with name 'shiroEventBusAwareBeanPostProcessor' defined in class path resource [org/apache/shiro/spring/boot/autoconfigure/ShiroBeanAutoConfiguration.class]: Bean instantiation via factory method failed; nested exception is org.springframework.beans.BeanInstantiationException: Failed to instantiate [org.apache.shiro.spring.ShiroEventBusBeanPostProcessor]: Factory method 'shiroEventBusAwareBeanPostProcessor' threw exception; nested exception is org.springframework.beans.factory.BeanCreationException: Error creating bean with name 'eventBus' defined in class path resource [org/apache/shiro/spring/boot/autoconfigure/ShiroBeanAutoConfiguration.class]: Initialization of bean failed; nested exception is org.springframework.beans.factory.BeanCreationException: Error creating bean with name 'org.springframework.transaction.annotation.ProxyTransactionManagementConfiguration': Initialization of bean failed; nested exception is org.springframework.beans.factory.UnsatisfiedDependencyException: Error creating bean with name 'authorizationAttributeSourceAdvisor' defined in class path resource [org/apache/shiro/spring/boot/autoconfigure/ShiroAnnotationProcessorAutoConfiguration.class]: Unsatisfied dependency expressed through method 'authorizationAttributeSourceAdvisor' parameter 0; nested exception is org.springframework.beans.factory.BeanCreationException: Error creating bean with name 'securityManager' defined in class path resource [org/apache/shiro/spring/config/web/autoconfigure/ShiroWebAutoConfiguration.class]: Bean instantiation via factory method failed; nested exception is org.springframework.beans.BeanInstantiationException: Failed to instantiate [org.apache.shiro.mgt.SessionsSecurityManager]: Factory method 'securityManager' threw exception; nested exception is org.springframework.beans.factory.NoSuchBeanDefinitionException: No bean named 'authorizer' available
2021-12-12 13:20:29,412 [INFO] from org.springframework.boot.autoconfigure.logging.ConditionEvaluationReportLoggingListener-line:? in main - 

Error starting ApplicationContext. To display the conditions report re-run your application with 'debug' enabled.
2021-12-12 13:20:29,436 [ERROR] from org.springframework.boot.diagnostics.LoggingFailureAnalysisReporter-line:? in main - 

***************************
APPLICATION FAILED TO START
***************************

Description:

Parameter 0 of method authorizationAttributeSourceAdvisor in org.apache.shiro.spring.boot.autoconfigure.ShiroAnnotationProcessorAutoConfiguration required a bean named 'authorizer' that could not be found.


Action:

Consider defining a bean named 'authorizer' in your configuration.

2021-12-12 13:22:53,806 [INFO] from icu.nickxiao.rest.RestApplication-line:? in main - Starting RestApplication using Java 11.0.13 on MacBook-Pro-10.local with PID 37256 (/Users/nick/private/blog-be/rest/target/classes started by nick in /Users/nick/private/blog-be)
2021-12-12 13:22:53,809 [INFO] from icu.nickxiao.rest.RestApplication-line:? in main - No active profile set, falling back to default profiles: default
2021-12-12 13:22:53,810 [INFO] from org.hibernate.validator.internal.util.Version-line:? in background-preinit - HV000001: Hibernate Validator 6.1.7.Final
2021-12-12 13:22:54,577 [WARN] from org.mybatis.spring.mapper.ClassPathMapperScanner-line:? in main - No MyBatis mapper was found in '[icu.nickxiao.rest]' package. Please check your configuration.
2021-12-12 13:22:54,649 [INFO] from org.springframework.context.support.PostProcessorRegistrationDelegate$BeanPostProcessorChecker-line:? in main - Bean 'org.apache.shiro.spring.boot.autoconfigure.ShiroBeanAutoConfiguration' of type [org.apache.shiro.spring.boot.autoconfigure.ShiroBeanAutoConfiguration$$EnhancerBySpringCGLIB$$206e93b8] is not eligible for getting processed by all BeanPostProcessors (for example: not eligible for auto-proxying)
2021-12-12 13:22:54,667 [INFO] from org.springframework.context.support.PostProcessorRegistrationDelegate$BeanPostProcessorChecker-line:? in main - Bean 'commonConfig' of type [icu.nickxiao.common.pojo.CommonConfig$$EnhancerBySpringCGLIB$$3a76853a] is not eligible for getting processed by all BeanPostProcessors (for example: not eligible for auto-proxying)
2021-12-12 13:22:54,669 [INFO] from org.springframework.context.support.PostProcessorRegistrationDelegate$BeanPostProcessorChecker-line:? in main - Bean 'userOperationLogStructKitImpl' of type [icu.nickxiao.model.assembler.UserOperationLogStructKitImpl] is not eligible for getting processed by all BeanPostProcessors (for example: not eligible for auto-proxying)
2021-12-12 13:22:54,670 [WARN] from org.springframework.boot.web.servlet.context.AnnotationConfigServletWebServerApplicationContext-line:? in main - Exception encountered during context initialization - cancelling refresh attempt: org.springframework.beans.factory.UnsatisfiedDependencyException: Error creating bean with name 'shiroConfig' defined in file [/Users/nick/private/blog-be/web-base/target/classes/icu/nickxiao/web/auth/ShiroConfig.class]: Unsatisfied dependency expressed through constructor parameter 1; nested exception is org.springframework.beans.factory.UnsatisfiedDependencyException: Error creating bean with name 'userOperationLogModelServiceImpl' defined in file [/Users/nick/private/blog-be/model-service/target/classes/icu/nickxiao/model/service/impl/UserOperationLogModelServiceImpl.class]: Unsatisfied dependency expressed through constructor parameter 1; nested exception is org.springframework.beans.factory.NoSuchBeanDefinitionException: No qualifying bean of type 'icu.nickxiao.model.dao.UserOperationLogMapper' available: expected at least 1 bean which qualifies as autowire candidate. Dependency annotations: {}
2021-12-12 13:22:54,677 [INFO] from org.springframework.boot.autoconfigure.logging.ConditionEvaluationReportLoggingListener-line:? in main - 

Error starting ApplicationContext. To display the conditions report re-run your application with 'debug' enabled.
2021-12-12 13:22:54,694 [ERROR] from org.springframework.boot.diagnostics.LoggingFailureAnalysisReporter-line:? in main - 

***************************
APPLICATION FAILED TO START
***************************

Description:

Parameter 1 of constructor in icu.nickxiao.model.service.impl.UserOperationLogModelServiceImpl required a bean of type 'icu.nickxiao.model.dao.UserOperationLogMapper' that could not be found.


Action:

Consider defining a bean of type 'icu.nickxiao.model.dao.UserOperationLogMapper' in your configuration.

2021-12-12 13:24:35,345 [INFO] from icu.nickxiao.rest.RestApplication-line:? in main - Starting RestApplication using Java 11.0.13 on MacBook-Pro-10.local with PID 37380 (/Users/nick/private/blog-be/rest/target/classes started by nick in /Users/nick/private/blog-be)
2021-12-12 13:24:35,349 [INFO] from icu.nickxiao.rest.RestApplication-line:? in main - No active profile set, falling back to default profiles: default
2021-12-12 13:24:35,349 [INFO] from org.hibernate.validator.internal.util.Version-line:? in background-preinit - HV000001: Hibernate Validator 6.1.7.Final
2021-12-12 13:24:36,239 [WARN] from org.mybatis.spring.mapper.ClassPathMapperScanner-line:? in main - No MyBatis mapper was found in '[icu.nickxiao.rest]' package. Please check your configuration.
2021-12-12 13:24:36,302 [INFO] from org.springframework.context.support.PostProcessorRegistrationDelegate$BeanPostProcessorChecker-line:? in main - Bean 'org.apache.shiro.spring.boot.autoconfigure.ShiroBeanAutoConfiguration' of type [org.apache.shiro.spring.boot.autoconfigure.ShiroBeanAutoConfiguration$$EnhancerBySpringCGLIB$$1748c4b0] is not eligible for getting processed by all BeanPostProcessors (for example: not eligible for auto-proxying)
2021-12-12 13:24:36,327 [INFO] from org.springframework.context.support.PostProcessorRegistrationDelegate$BeanPostProcessorChecker-line:? in main - Bean 'commonConfig' of type [icu.nickxiao.common.pojo.CommonConfig$$EnhancerBySpringCGLIB$$3150b632] is not eligible for getting processed by all BeanPostProcessors (for example: not eligible for auto-proxying)
2021-12-12 13:24:36,330 [INFO] from org.springframework.context.support.PostProcessorRegistrationDelegate$BeanPostProcessorChecker-line:? in main - Bean 'userOperationLogStructKitImpl' of type [icu.nickxiao.model.assembler.UserOperationLogStructKitImpl] is not eligible for getting processed by all BeanPostProcessors (for example: not eligible for auto-proxying)
2021-12-12 13:24:36,332 [WARN] from org.springframework.boot.web.servlet.context.AnnotationConfigServletWebServerApplicationContext-line:? in main - Exception encountered during context initialization - cancelling refresh attempt: org.springframework.beans.factory.UnsatisfiedDependencyException: Error creating bean with name 'shiroConfig' defined in file [/Users/nick/private/blog-be/web-base/target/classes/icu/nickxiao/web/auth/ShiroConfig.class]: Unsatisfied dependency expressed through constructor parameter 1; nested exception is org.springframework.beans.factory.UnsatisfiedDependencyException: Error creating bean with name 'userOperationLogModelServiceImpl' defined in file [/Users/nick/private/blog-be/model-service/target/classes/icu/nickxiao/model/service/impl/UserOperationLogModelServiceImpl.class]: Unsatisfied dependency expressed through constructor parameter 1; nested exception is org.springframework.beans.factory.NoSuchBeanDefinitionException: No qualifying bean of type 'icu.nickxiao.model.dao.UserOperationLogMapper' available: expected at least 1 bean which qualifies as autowire candidate. Dependency annotations: {}
2021-12-12 13:24:36,343 [INFO] from org.springframework.boot.autoconfigure.logging.ConditionEvaluationReportLoggingListener-line:? in main - 

Error starting ApplicationContext. To display the conditions report re-run your application with 'debug' enabled.
2021-12-12 13:24:36,361 [ERROR] from org.springframework.boot.diagnostics.LoggingFailureAnalysisReporter-line:? in main - 

***************************
APPLICATION FAILED TO START
***************************

Description:

Parameter 1 of constructor in icu.nickxiao.model.service.impl.UserOperationLogModelServiceImpl required a bean of type 'icu.nickxiao.model.dao.UserOperationLogMapper' that could not be found.


Action:

Consider defining a bean of type 'icu.nickxiao.model.dao.UserOperationLogMapper' in your configuration.

2021-12-12 13:25:35,937 [INFO] from org.hibernate.validator.internal.util.Version-line:? in background-preinit - HV000001: Hibernate Validator 6.1.7.Final
2021-12-12 13:25:35,937 [INFO] from icu.nickxiao.rest.RestApplication-line:? in main - Starting RestApplication using Java 11.0.13 on MacBook-Pro-10.local with PID 37389 (/Users/nick/private/blog-be/rest/target/classes started by nick in /Users/nick/private/blog-be)
2021-12-12 13:25:35,939 [INFO] from icu.nickxiao.rest.RestApplication-line:? in main - No active profile set, falling back to default profiles: default
2021-12-12 13:25:36,757 [INFO] from org.springframework.context.support.PostProcessorRegistrationDelegate$BeanPostProcessorChecker-line:? in main - Bean 'org.apache.shiro.spring.boot.autoconfigure.ShiroBeanAutoConfiguration' of type [org.apache.shiro.spring.boot.autoconfigure.ShiroBeanAutoConfiguration$$EnhancerBySpringCGLIB$$9f2ff894] is not eligible for getting processed by all BeanPostProcessors (for example: not eligible for auto-proxying)
2021-12-12 13:25:36,785 [INFO] from org.springframework.context.support.PostProcessorRegistrationDelegate$BeanPostProcessorChecker-line:? in main - Bean 'commonConfig' of type [icu.nickxiao.common.pojo.CommonConfig$$EnhancerBySpringCGLIB$$b937ea16] is not eligible for getting processed by all BeanPostProcessors (for example: not eligible for auto-proxying)
2021-12-12 13:25:36,787 [INFO] from org.springframework.context.support.PostProcessorRegistrationDelegate$BeanPostProcessorChecker-line:? in main - Bean 'userOperationLogStructKitImpl' of type [icu.nickxiao.model.assembler.UserOperationLogStructKitImpl] is not eligible for getting processed by all BeanPostProcessors (for example: not eligible for auto-proxying)
2021-12-12 13:25:36,789 [WARN] from org.springframework.boot.web.servlet.context.AnnotationConfigServletWebServerApplicationContext-line:? in main - Exception encountered during context initialization - cancelling refresh attempt: org.springframework.beans.factory.UnsatisfiedDependencyException: Error creating bean with name 'shiroConfig' defined in file [/Users/nick/private/blog-be/web-base/target/classes/icu/nickxiao/web/auth/ShiroConfig.class]: Unsatisfied dependency expressed through constructor parameter 1; nested exception is org.springframework.beans.factory.UnsatisfiedDependencyException: Error creating bean with name 'userOperationLogModelServiceImpl' defined in file [/Users/nick/private/blog-be/model-service/target/classes/icu/nickxiao/model/service/impl/UserOperationLogModelServiceImpl.class]: Unsatisfied dependency expressed through constructor parameter 1; nested exception is org.springframework.beans.factory.NoSuchBeanDefinitionException: No qualifying bean of type 'icu.nickxiao.model.dao.UserOperationLogMapper' available: expected at least 1 bean which qualifies as autowire candidate. Dependency annotations: {}
2021-12-12 13:25:36,797 [INFO] from org.springframework.boot.autoconfigure.logging.ConditionEvaluationReportLoggingListener-line:? in main - 

Error starting ApplicationContext. To display the conditions report re-run your application with 'debug' enabled.
2021-12-12 13:25:36,818 [ERROR] from org.springframework.boot.diagnostics.LoggingFailureAnalysisReporter-line:? in main - 

***************************
APPLICATION FAILED TO START
***************************

Description:

Parameter 1 of constructor in icu.nickxiao.model.service.impl.UserOperationLogModelServiceImpl required a bean of type 'icu.nickxiao.model.dao.UserOperationLogMapper' that could not be found.


Action:

Consider defining a bean of type 'icu.nickxiao.model.dao.UserOperationLogMapper' in your configuration.

2021-12-12 13:25:56,052 [INFO] from icu.nickxiao.rest.RestApplication-line:? in main - Starting RestApplication using Java 11.0.13 on MacBook-Pro-10.local with PID 37396 (/Users/nick/private/blog-be/rest/target/classes started by nick in /Users/nick/private/blog-be)
2021-12-12 13:25:56,056 [INFO] from icu.nickxiao.rest.RestApplication-line:? in main - No active profile set, falling back to default profiles: default
2021-12-12 13:25:56,058 [INFO] from org.hibernate.validator.internal.util.Version-line:? in background-preinit - HV000001: Hibernate Validator 6.1.7.Final
2021-12-12 13:25:56,909 [INFO] from org.springframework.context.support.PostProcessorRegistrationDelegate$BeanPostProcessorChecker-line:? in main - Bean 'org.apache.shiro.spring.boot.autoconfigure.ShiroBeanAutoConfiguration' of type [org.apache.shiro.spring.boot.autoconfigure.ShiroBeanAutoConfiguration$$EnhancerBySpringCGLIB$$d6002e07] is not eligible for getting processed by all BeanPostProcessors (for example: not eligible for auto-proxying)
2021-12-12 13:25:56,937 [INFO] from org.springframework.context.support.PostProcessorRegistrationDelegate$BeanPostProcessorChecker-line:? in main - Bean 'commonConfig' of type [icu.nickxiao.common.pojo.CommonConfig$$EnhancerBySpringCGLIB$$f0081f89] is not eligible for getting processed by all BeanPostProcessors (for example: not eligible for auto-proxying)
2021-12-12 13:25:56,939 [INFO] from org.springframework.context.support.PostProcessorRegistrationDelegate$BeanPostProcessorChecker-line:? in main - Bean 'userOperationLogStructKitImpl' of type [icu.nickxiao.model.assembler.UserOperationLogStructKitImpl] is not eligible for getting processed by all BeanPostProcessors (for example: not eligible for auto-proxying)
2021-12-12 13:25:57,014 [INFO] from org.springframework.context.support.PostProcessorRegistrationDelegate$BeanPostProcessorChecker-line:? in main - Bean 'mybatis-org.mybatis.spring.boot.autoconfigure.MybatisProperties' of type [org.mybatis.spring.boot.autoconfigure.MybatisProperties] is not eligible for getting processed by all BeanPostProcessors (for example: not eligible for auto-proxying)
2021-12-12 13:25:57,018 [INFO] from org.springframework.context.support.PostProcessorRegistrationDelegate$BeanPostProcessorChecker-line:? in main - Bean 'org.mybatis.spring.boot.autoconfigure.MybatisAutoConfiguration' of type [org.mybatis.spring.boot.autoconfigure.MybatisAutoConfiguration$$EnhancerBySpringCGLIB$$f5bba187] is not eligible for getting processed by all BeanPostProcessors (for example: not eligible for auto-proxying)
2021-12-12 13:25:57,020 [INFO] from org.springframework.context.support.PostProcessorRegistrationDelegate$BeanPostProcessorChecker-line:? in main - Bean 'org.springframework.boot.autoconfigure.jdbc.DataSourceConfiguration$Hikari' of type [org.springframework.boot.autoconfigure.jdbc.DataSourceConfiguration$Hikari] is not eligible for getting processed by all BeanPostProcessors (for example: not eligible for auto-proxying)
2021-12-12 13:25:57,027 [INFO] from org.springframework.context.support.PostProcessorRegistrationDelegate$BeanPostProcessorChecker-line:? in main - Bean 'spring.datasource-org.springframework.boot.autoconfigure.jdbc.DataSourceProperties' of type [org.springframework.boot.autoconfigure.jdbc.DataSourceProperties] is not eligible for getting processed by all BeanPostProcessors (for example: not eligible for auto-proxying)
2021-12-12 13:25:57,045 [INFO] from org.springframework.context.support.PostProcessorRegistrationDelegate$BeanPostProcessorChecker-line:? in main - Bean 'dataSource' of type [com.zaxxer.hikari.HikariDataSource] is not eligible for getting processed by all BeanPostProcessors (for example: not eligible for auto-proxying)
2021-12-12 13:25:57,057 [INFO] from org.springframework.context.support.PostProcessorRegistrationDelegate$BeanPostProcessorChecker-line:? in main - Bean 'sqlSessionFactory' of type [org.apache.ibatis.session.defaults.DefaultSqlSessionFactory] is not eligible for getting processed by all BeanPostProcessors (for example: not eligible for auto-proxying)
2021-12-12 13:25:57,061 [INFO] from org.springframework.context.support.PostProcessorRegistrationDelegate$BeanPostProcessorChecker-line:? in main - Bean 'sqlSessionTemplate' of type [org.mybatis.spring.SqlSessionTemplate] is not eligible for getting processed by all BeanPostProcessors (for example: not eligible for auto-proxying)
2021-12-12 13:25:57,091 [INFO] from org.springframework.context.support.PostProcessorRegistrationDelegate$BeanPostProcessorChecker-line:? in main - Bean 'userOperationLogMapper' of type [org.mybatis.spring.mapper.MapperFactoryBean] is not eligible for getting processed by all BeanPostProcessors (for example: not eligible for auto-proxying)
2021-12-12 13:25:57,097 [INFO] from org.springframework.context.support.PostProcessorRegistrationDelegate$BeanPostProcessorChecker-line:? in main - Bean 'userOperationLogMapper' of type [com.sun.proxy.$Proxy66] is not eligible for getting processed by all BeanPostProcessors (for example: not eligible for auto-proxying)
2021-12-12 13:25:57,098 [INFO] from org.springframework.context.support.PostProcessorRegistrationDelegate$BeanPostProcessorChecker-line:? in main - Bean 'userOperationLogModelServiceImpl' of type [icu.nickxiao.model.service.impl.UserOperationLogModelServiceImpl] is not eligible for getting processed by all BeanPostProcessors (for example: not eligible for auto-proxying)
2021-12-12 13:25:57,099 [INFO] from org.springframework.context.support.PostProcessorRegistrationDelegate$BeanPostProcessorChecker-line:? in main - Bean 'shiroConfig' of type [icu.nickxiao.web.auth.ShiroConfig$$EnhancerBySpringCGLIB$$efab79dc] is not eligible for getting processed by all BeanPostProcessors (for example: not eligible for auto-proxying)
2021-12-12 13:25:57,190 [INFO] from org.springframework.context.support.PostProcessorRegistrationDelegate$BeanPostProcessorChecker-line:? in main - Bean 'jwtRealm' of type [icu.nickxiao.web.auth.CustomAuthorizingRealm] is not eligible for getting processed by all BeanPostProcessors (for example: not eligible for auto-proxying)
2021-12-12 13:25:57,194 [INFO] from org.springframework.context.support.PostProcessorRegistrationDelegate$BeanPostProcessorChecker-line:? in main - Bean 'securityManager' of type [org.apache.shiro.web.mgt.DefaultWebSecurityManager] is not eligible for getting processed by all BeanPostProcessors (for example: not eligible for auto-proxying)
2021-12-12 13:25:57,256 [INFO] from org.springframework.context.support.PostProcessorRegistrationDelegate$BeanPostProcessorChecker-line:? in main - Bean 'authorizationAttributeSourceAdvisor' of type [org.apache.shiro.spring.security.interceptor.AuthorizationAttributeSourceAdvisor] is not eligible for getting processed by all BeanPostProcessors (for example: not eligible for auto-proxying)
2021-12-12 13:25:57,306 [INFO] from org.springframework.context.support.PostProcessorRegistrationDelegate$BeanPostProcessorChecker-line:? in main - Bean 'eventBus' of type [org.apache.shiro.event.support.DefaultEventBus] is not eligible for getting processed by all BeanPostProcessors (for example: not eligible for auto-proxying)
2021-12-12 13:25:57,524 [INFO] from org.springframework.boot.web.embedded.tomcat.TomcatWebServer-line:? in main - Tomcat initialized with port(s): 8080 (http)
2021-12-12 13:25:57,530 [INFO] from org.apache.coyote.http11.Http11NioProtocol-line:? in main - Initializing ProtocolHandler ["http-nio-8080"]
2021-12-12 13:25:57,531 [INFO] from org.apache.catalina.core.StandardService-line:? in main - Starting service [Tomcat]
2021-12-12 13:25:57,531 [INFO] from org.apache.catalina.core.StandardEngine-line:? in main - Starting Servlet engine: [Apache Tomcat/9.0.44]
2021-12-12 13:25:57,586 [INFO] from org.apache.catalina.core.ContainerBase.[Tomcat].[localhost].[/]-line:? in main - Initializing Spring embedded WebApplicationContext
2021-12-12 13:25:57,586 [INFO] from org.springframework.boot.web.servlet.context.ServletWebServerApplicationContext-line:? in main - Root WebApplicationContext: initialization completed in 1443 ms
2021-12-12 13:25:57,643 [DEBUG] from org.springframework.boot.web.servlet.ServletContextInitializerBeans-line:? in main - Mapping filters: shiroFilter urls=[/*] order=1, filterRegistrationBean urls=[/*] order=2147483646, characterEncodingFilter urls=[/*] order=-2147483648, formContentFilter urls=[/*] order=-9900, requestContextFilter urls=[/*] order=-105
2021-12-12 13:25:57,643 [DEBUG] from org.springframework.boot.web.servlet.ServletContextInitializerBeans-line:? in main - Mapping servlets: dispatcherServlet urls=[/]
2021-12-12 13:25:57,646 [INFO] from org.springframework.boot.web.servlet.RegistrationBean-line:? in main - Filter delegatingFilterProxy was not registered (disabled)
2021-12-12 13:25:57,671 [WARN] from org.springframework.boot.web.servlet.context.AnnotationConfigServletWebServerApplicationContext-line:? in main - Exception encountered during context initialization - cancelling refresh attempt: org.springframework.beans.factory.UnsatisfiedDependencyException: Error creating bean with name 'blogBizServiceImpl' defined in file [/Users/nick/private/blog-be/rest/target/classes/icu/nickxiao/rest/biz/impl/BlogBizServiceImpl.class]: Unsatisfied dependency expressed through constructor parameter 0; nested exception is org.springframework.beans.factory.NoSuchBeanDefinitionException: No qualifying bean of type 'org.redisson.Redisson' available: expected at least 1 bean which qualifies as autowire candidate. Dependency annotations: {}
2021-12-12 13:25:57,675 [INFO] from org.apache.catalina.core.StandardService-line:? in main - Stopping service [Tomcat]
2021-12-12 13:25:57,686 [INFO] from org.springframework.boot.autoconfigure.logging.ConditionEvaluationReportLoggingListener-line:? in main - 

Error starting ApplicationContext. To display the conditions report re-run your application with 'debug' enabled.
2021-12-12 13:25:57,706 [ERROR] from org.springframework.boot.diagnostics.LoggingFailureAnalysisReporter-line:? in main - 

***************************
APPLICATION FAILED TO START
***************************

Description:

Parameter 0 of constructor in icu.nickxiao.rest.biz.impl.BlogBizServiceImpl required a bean of type 'org.redisson.Redisson' that could not be found.


Action:

Consider defining a bean of type 'org.redisson.Redisson' in your configuration.

2021-12-12 13:28:46,752 [INFO] from icu.nickxiao.rest.RestApplication-line:? in main - Starting RestApplication using Java 11.0.13 on MacBook-Pro-10.local with PID 37581 (/Users/nick/private/blog-be/rest/target/classes started by nick in /Users/nick/private/blog-be)
2021-12-12 13:28:46,754 [INFO] from icu.nickxiao.rest.RestApplication-line:? in main - No active profile set, falling back to default profiles: default
2021-12-12 13:28:46,760 [INFO] from org.hibernate.validator.internal.util.Version-line:? in background-preinit - HV000001: Hibernate Validator 6.1.7.Final
2021-12-12 13:28:47,599 [INFO] from org.springframework.context.support.PostProcessorRegistrationDelegate$BeanPostProcessorChecker-line:? in main - Bean 'org.apache.shiro.spring.boot.autoconfigure.ShiroBeanAutoConfiguration' of type [org.apache.shiro.spring.boot.autoconfigure.ShiroBeanAutoConfiguration$$EnhancerBySpringCGLIB$$d480a68e] is not eligible for getting processed by all BeanPostProcessors (for example: not eligible for auto-proxying)
2021-12-12 13:28:47,621 [INFO] from org.springframework.context.support.PostProcessorRegistrationDelegate$BeanPostProcessorChecker-line:? in main - Bean 'commonConfig' of type [icu.nickxiao.common.pojo.CommonConfig$$EnhancerBySpringCGLIB$$ee889810] is not eligible for getting processed by all BeanPostProcessors (for example: not eligible for auto-proxying)
2021-12-12 13:28:47,623 [INFO] from org.springframework.context.support.PostProcessorRegistrationDelegate$BeanPostProcessorChecker-line:? in main - Bean 'userOperationLogStructKitImpl' of type [icu.nickxiao.model.assembler.UserOperationLogStructKitImpl] is not eligible for getting processed by all BeanPostProcessors (for example: not eligible for auto-proxying)
2021-12-12 13:28:47,695 [INFO] from org.springframework.context.support.PostProcessorRegistrationDelegate$BeanPostProcessorChecker-line:? in main - Bean 'mybatis-org.mybatis.spring.boot.autoconfigure.MybatisProperties' of type [org.mybatis.spring.boot.autoconfigure.MybatisProperties] is not eligible for getting processed by all BeanPostProcessors (for example: not eligible for auto-proxying)
2021-12-12 13:28:47,699 [INFO] from org.springframework.context.support.PostProcessorRegistrationDelegate$BeanPostProcessorChecker-line:? in main - Bean 'org.mybatis.spring.boot.autoconfigure.MybatisAutoConfiguration' of type [org.mybatis.spring.boot.autoconfigure.MybatisAutoConfiguration$$EnhancerBySpringCGLIB$$f43c1a0e] is not eligible for getting processed by all BeanPostProcessors (for example: not eligible for auto-proxying)
2021-12-12 13:28:47,701 [INFO] from org.springframework.context.support.PostProcessorRegistrationDelegate$BeanPostProcessorChecker-line:? in main - Bean 'org.springframework.boot.autoconfigure.jdbc.DataSourceConfiguration$Hikari' of type [org.springframework.boot.autoconfigure.jdbc.DataSourceConfiguration$Hikari] is not eligible for getting processed by all BeanPostProcessors (for example: not eligible for auto-proxying)
2021-12-12 13:28:47,709 [INFO] from org.springframework.context.support.PostProcessorRegistrationDelegate$BeanPostProcessorChecker-line:? in main - Bean 'spring.datasource-org.springframework.boot.autoconfigure.jdbc.DataSourceProperties' of type [org.springframework.boot.autoconfigure.jdbc.DataSourceProperties] is not eligible for getting processed by all BeanPostProcessors (for example: not eligible for auto-proxying)
2021-12-12 13:28:47,726 [INFO] from org.springframework.context.support.PostProcessorRegistrationDelegate$BeanPostProcessorChecker-line:? in main - Bean 'dataSource' of type [com.zaxxer.hikari.HikariDataSource] is not eligible for getting processed by all BeanPostProcessors (for example: not eligible for auto-proxying)
2021-12-12 13:28:47,736 [INFO] from org.springframework.context.support.PostProcessorRegistrationDelegate$BeanPostProcessorChecker-line:? in main - Bean 'sqlSessionFactory' of type [org.apache.ibatis.session.defaults.DefaultSqlSessionFactory] is not eligible for getting processed by all BeanPostProcessors (for example: not eligible for auto-proxying)
2021-12-12 13:28:47,740 [INFO] from org.springframework.context.support.PostProcessorRegistrationDelegate$BeanPostProcessorChecker-line:? in main - Bean 'sqlSessionTemplate' of type [org.mybatis.spring.SqlSessionTemplate] is not eligible for getting processed by all BeanPostProcessors (for example: not eligible for auto-proxying)
2021-12-12 13:28:47,766 [INFO] from org.springframework.context.support.PostProcessorRegistrationDelegate$BeanPostProcessorChecker-line:? in main - Bean 'userOperationLogMapper' of type [org.mybatis.spring.mapper.MapperFactoryBean] is not eligible for getting processed by all BeanPostProcessors (for example: not eligible for auto-proxying)
2021-12-12 13:28:47,769 [INFO] from org.springframework.context.support.PostProcessorRegistrationDelegate$BeanPostProcessorChecker-line:? in main - Bean 'userOperationLogMapper' of type [com.sun.proxy.$Proxy66] is not eligible for getting processed by all BeanPostProcessors (for example: not eligible for auto-proxying)
2021-12-12 13:28:47,770 [INFO] from org.springframework.context.support.PostProcessorRegistrationDelegate$BeanPostProcessorChecker-line:? in main - Bean 'userOperationLogModelServiceImpl' of type [icu.nickxiao.model.service.impl.UserOperationLogModelServiceImpl] is not eligible for getting processed by all BeanPostProcessors (for example: not eligible for auto-proxying)
2021-12-12 13:28:47,770 [INFO] from org.springframework.context.support.PostProcessorRegistrationDelegate$BeanPostProcessorChecker-line:? in main - Bean 'shiroConfig' of type [icu.nickxiao.web.auth.ShiroConfig$$EnhancerBySpringCGLIB$$ee2bf263] is not eligible for getting processed by all BeanPostProcessors (for example: not eligible for auto-proxying)
2021-12-12 13:28:47,823 [INFO] from org.springframework.context.support.PostProcessorRegistrationDelegate$BeanPostProcessorChecker-line:? in main - Bean 'jwtRealm' of type [icu.nickxiao.web.auth.CustomAuthorizingRealm] is not eligible for getting processed by all BeanPostProcessors (for example: not eligible for auto-proxying)
2021-12-12 13:28:47,825 [INFO] from org.springframework.context.support.PostProcessorRegistrationDelegate$BeanPostProcessorChecker-line:? in main - Bean 'securityManager' of type [org.apache.shiro.web.mgt.DefaultWebSecurityManager] is not eligible for getting processed by all BeanPostProcessors (for example: not eligible for auto-proxying)
2021-12-12 13:28:47,868 [INFO] from org.springframework.context.support.PostProcessorRegistrationDelegate$BeanPostProcessorChecker-line:? in main - Bean 'authorizationAttributeSourceAdvisor' of type [org.apache.shiro.spring.security.interceptor.AuthorizationAttributeSourceAdvisor] is not eligible for getting processed by all BeanPostProcessors (for example: not eligible for auto-proxying)
2021-12-12 13:28:47,937 [INFO] from org.springframework.context.support.PostProcessorRegistrationDelegate$BeanPostProcessorChecker-line:? in main - Bean 'eventBus' of type [org.apache.shiro.event.support.DefaultEventBus] is not eligible for getting processed by all BeanPostProcessors (for example: not eligible for auto-proxying)
2021-12-12 13:28:48,141 [INFO] from org.springframework.boot.web.embedded.tomcat.TomcatWebServer-line:? in main - Tomcat initialized with port(s): 8080 (http)
2021-12-12 13:28:48,149 [INFO] from org.apache.coyote.http11.Http11NioProtocol-line:? in main - Initializing ProtocolHandler ["http-nio-8080"]
2021-12-12 13:28:48,149 [INFO] from org.apache.catalina.core.StandardService-line:? in main - Starting service [Tomcat]
2021-12-12 13:28:48,149 [INFO] from org.apache.catalina.core.StandardEngine-line:? in main - Starting Servlet engine: [Apache Tomcat/9.0.44]
2021-12-12 13:28:48,224 [INFO] from org.apache.catalina.core.ContainerBase.[Tomcat].[localhost].[/]-line:? in main - Initializing Spring embedded WebApplicationContext
2021-12-12 13:28:48,224 [INFO] from org.springframework.boot.web.servlet.context.ServletWebServerApplicationContext-line:? in main - Root WebApplicationContext: initialization completed in 1422 ms
2021-12-12 13:28:48,289 [DEBUG] from org.springframework.boot.web.servlet.ServletContextInitializerBeans-line:? in main - Mapping filters: shiroFilter urls=[/*] order=1, filterRegistrationBean urls=[/*] order=2147483646, characterEncodingFilter urls=[/*] order=-2147483648, formContentFilter urls=[/*] order=-9900, requestContextFilter urls=[/*] order=-105
2021-12-12 13:28:48,289 [DEBUG] from org.springframework.boot.web.servlet.ServletContextInitializerBeans-line:? in main - Mapping servlets: dispatcherServlet urls=[/]
2021-12-12 13:28:48,292 [INFO] from org.springframework.boot.web.servlet.RegistrationBean-line:? in main - Filter delegatingFilterProxy was not registered (disabled)
2021-12-12 13:28:48,524 [INFO] from org.redisson.Version-line:? in main - Redisson 3.16.1
2021-12-12 13:28:48,557 [WARN] from io.netty.resolver.dns.DnsServerAddressStreamProviders-line:? in main - Can not find io.netty.resolver.dns.macos.MacOSDnsServerAddressStreamProvider in the classpath, fallback to system defaults. This may result in incorrect DNS resolutions on MacOS.
2021-12-12 13:28:48,859 [INFO] from org.redisson.connection.pool.MasterPubSubConnectionPool-line:? in redisson-netty-2-26 - 1 connections initialized for localhost/127.0.0.1:6379
2021-12-12 13:28:48,943 [INFO] from org.redisson.connection.pool.MasterConnectionPool-line:? in redisson-netty-2-21 - 24 connections initialized for localhost/127.0.0.1:6379
2021-12-12 13:28:49,032 [WARN] from org.springframework.boot.web.servlet.context.AnnotationConfigServletWebServerApplicationContext-line:? in main - Exception encountered during context initialization - cancelling refresh attempt: org.springframework.beans.factory.UnsatisfiedDependencyException: Error creating bean with name 'blogBizServiceImpl' defined in file [/Users/nick/private/blog-be/rest/target/classes/icu/nickxiao/rest/biz/impl/BlogBizServiceImpl.class]: Unsatisfied dependency expressed through constructor parameter 1; nested exception is org.springframework.beans.factory.UnsatisfiedDependencyException: Error creating bean with name 'blogModelServiceImpl' defined in file [/Users/nick/private/blog-be/model-service/target/classes/icu/nickxiao/model/service/impl/BlogModelServiceImpl.class]: Unsatisfied dependency expressed through constructor parameter 1; nested exception is org.springframework.beans.factory.NoSuchBeanDefinitionException: No qualifying bean of type 'icu.nickxiao.model.assembler.BlogStructKit' available: expected at least 1 bean which qualifies as autowire candidate. Dependency annotations: {}
2021-12-12 13:28:49,085 [INFO] from org.apache.catalina.core.StandardService-line:? in main - Stopping service [Tomcat]
2021-12-12 13:28:49,100 [INFO] from org.springframework.boot.autoconfigure.logging.ConditionEvaluationReportLoggingListener-line:? in main - 

Error starting ApplicationContext. To display the conditions report re-run your application with 'debug' enabled.
2021-12-12 13:28:49,127 [ERROR] from org.springframework.boot.diagnostics.LoggingFailureAnalysisReporter-line:? in main - 

***************************
APPLICATION FAILED TO START
***************************

Description:

Parameter 1 of constructor in icu.nickxiao.model.service.impl.BlogModelServiceImpl required a bean of type 'icu.nickxiao.model.assembler.BlogStructKit' that could not be found.


Action:

Consider defining a bean of type 'icu.nickxiao.model.assembler.BlogStructKit' in your configuration.

2021-12-12 13:29:10,809 [INFO] from icu.nickxiao.rest.RestApplication-line:? in main - Starting RestApplication using Java 11.0.13 on MacBook-Pro-10.local with PID 37591 (/Users/nick/private/blog-be/rest/target/classes started by nick in /Users/nick/private/blog-be)
2021-12-12 13:29:10,811 [INFO] from icu.nickxiao.rest.RestApplication-line:? in main - No active profile set, falling back to default profiles: default
2021-12-12 13:29:10,844 [INFO] from org.hibernate.validator.internal.util.Version-line:? in background-preinit - HV000001: Hibernate Validator 6.1.7.Final
2021-12-12 13:29:11,694 [INFO] from org.springframework.context.support.PostProcessorRegistrationDelegate$BeanPostProcessorChecker-line:? in main - Bean 'org.apache.shiro.spring.boot.autoconfigure.ShiroBeanAutoConfiguration' of type [org.apache.shiro.spring.boot.autoconfigure.ShiroBeanAutoConfiguration$$EnhancerBySpringCGLIB$$f925e117] is not eligible for getting processed by all BeanPostProcessors (for example: not eligible for auto-proxying)
2021-12-12 13:29:11,715 [INFO] from org.springframework.context.support.PostProcessorRegistrationDelegate$BeanPostProcessorChecker-line:? in main - Bean 'commonConfig' of type [icu.nickxiao.common.pojo.CommonConfig$$EnhancerBySpringCGLIB$$132dd299] is not eligible for getting processed by all BeanPostProcessors (for example: not eligible for auto-proxying)
2021-12-12 13:29:11,716 [INFO] from org.springframework.context.support.PostProcessorRegistrationDelegate$BeanPostProcessorChecker-line:? in main - Bean 'userOperationLogStructKitImpl' of type [icu.nickxiao.model.assembler.UserOperationLogStructKitImpl] is not eligible for getting processed by all BeanPostProcessors (for example: not eligible for auto-proxying)
2021-12-12 13:29:11,771 [INFO] from org.springframework.context.support.PostProcessorRegistrationDelegate$BeanPostProcessorChecker-line:? in main - Bean 'mybatis-org.mybatis.spring.boot.autoconfigure.MybatisProperties' of type [org.mybatis.spring.boot.autoconfigure.MybatisProperties] is not eligible for getting processed by all BeanPostProcessors (for example: not eligible for auto-proxying)
2021-12-12 13:29:11,775 [INFO] from org.springframework.context.support.PostProcessorRegistrationDelegate$BeanPostProcessorChecker-line:? in main - Bean 'org.mybatis.spring.boot.autoconfigure.MybatisAutoConfiguration' of type [org.mybatis.spring.boot.autoconfigure.MybatisAutoConfiguration$$EnhancerBySpringCGLIB$$18e15497] is not eligible for getting processed by all BeanPostProcessors (for example: not eligible for auto-proxying)
2021-12-12 13:29:11,777 [INFO] from org.springframework.context.support.PostProcessorRegistrationDelegate$BeanPostProcessorChecker-line:? in main - Bean 'org.springframework.boot.autoconfigure.jdbc.DataSourceConfiguration$Hikari' of type [org.springframework.boot.autoconfigure.jdbc.DataSourceConfiguration$Hikari] is not eligible for getting processed by all BeanPostProcessors (for example: not eligible for auto-proxying)
2021-12-12 13:29:11,784 [INFO] from org.springframework.context.support.PostProcessorRegistrationDelegate$BeanPostProcessorChecker-line:? in main - Bean 'spring.datasource-org.springframework.boot.autoconfigure.jdbc.DataSourceProperties' of type [org.springframework.boot.autoconfigure.jdbc.DataSourceProperties] is not eligible for getting processed by all BeanPostProcessors (for example: not eligible for auto-proxying)
2021-12-12 13:29:11,801 [INFO] from org.springframework.context.support.PostProcessorRegistrationDelegate$BeanPostProcessorChecker-line:? in main - Bean 'dataSource' of type [com.zaxxer.hikari.HikariDataSource] is not eligible for getting processed by all BeanPostProcessors (for example: not eligible for auto-proxying)
2021-12-12 13:29:11,812 [INFO] from org.springframework.context.support.PostProcessorRegistrationDelegate$BeanPostProcessorChecker-line:? in main - Bean 'sqlSessionFactory' of type [org.apache.ibatis.session.defaults.DefaultSqlSessionFactory] is not eligible for getting processed by all BeanPostProcessors (for example: not eligible for auto-proxying)
2021-12-12 13:29:11,815 [INFO] from org.springframework.context.support.PostProcessorRegistrationDelegate$BeanPostProcessorChecker-line:? in main - Bean 'sqlSessionTemplate' of type [org.mybatis.spring.SqlSessionTemplate] is not eligible for getting processed by all BeanPostProcessors (for example: not eligible for auto-proxying)
2021-12-12 13:29:11,849 [INFO] from org.springframework.context.support.PostProcessorRegistrationDelegate$BeanPostProcessorChecker-line:? in main - Bean 'userOperationLogMapper' of type [org.mybatis.spring.mapper.MapperFactoryBean] is not eligible for getting processed by all BeanPostProcessors (for example: not eligible for auto-proxying)
2021-12-12 13:29:11,853 [INFO] from org.springframework.context.support.PostProcessorRegistrationDelegate$BeanPostProcessorChecker-line:? in main - Bean 'userOperationLogMapper' of type [com.sun.proxy.$Proxy66] is not eligible for getting processed by all BeanPostProcessors (for example: not eligible for auto-proxying)
2021-12-12 13:29:11,854 [INFO] from org.springframework.context.support.PostProcessorRegistrationDelegate$BeanPostProcessorChecker-line:? in main - Bean 'userOperationLogModelServiceImpl' of type [icu.nickxiao.model.service.impl.UserOperationLogModelServiceImpl] is not eligible for getting processed by all BeanPostProcessors (for example: not eligible for auto-proxying)
2021-12-12 13:29:11,854 [INFO] from org.springframework.context.support.PostProcessorRegistrationDelegate$BeanPostProcessorChecker-line:? in main - Bean 'shiroConfig' of type [icu.nickxiao.web.auth.ShiroConfig$$EnhancerBySpringCGLIB$$12d12cec] is not eligible for getting processed by all BeanPostProcessors (for example: not eligible for auto-proxying)
2021-12-12 13:29:11,907 [INFO] from org.springframework.context.support.PostProcessorRegistrationDelegate$BeanPostProcessorChecker-line:? in main - Bean 'jwtRealm' of type [icu.nickxiao.web.auth.CustomAuthorizingRealm] is not eligible for getting processed by all BeanPostProcessors (for example: not eligible for auto-proxying)
2021-12-12 13:29:11,912 [INFO] from org.springframework.context.support.PostProcessorRegistrationDelegate$BeanPostProcessorChecker-line:? in main - Bean 'securityManager' of type [org.apache.shiro.web.mgt.DefaultWebSecurityManager] is not eligible for getting processed by all BeanPostProcessors (for example: not eligible for auto-proxying)
2021-12-12 13:29:11,988 [INFO] from org.springframework.context.support.PostProcessorRegistrationDelegate$BeanPostProcessorChecker-line:? in main - Bean 'authorizationAttributeSourceAdvisor' of type [org.apache.shiro.spring.security.interceptor.AuthorizationAttributeSourceAdvisor] is not eligible for getting processed by all BeanPostProcessors (for example: not eligible for auto-proxying)
2021-12-12 13:29:12,052 [INFO] from org.springframework.context.support.PostProcessorRegistrationDelegate$BeanPostProcessorChecker-line:? in main - Bean 'eventBus' of type [org.apache.shiro.event.support.DefaultEventBus] is not eligible for getting processed by all BeanPostProcessors (for example: not eligible for auto-proxying)
2021-12-12 13:29:12,212 [INFO] from org.springframework.boot.web.embedded.tomcat.TomcatWebServer-line:? in main - Tomcat initialized with port(s): 8080 (http)
2021-12-12 13:29:12,218 [INFO] from org.apache.coyote.http11.Http11NioProtocol-line:? in main - Initializing ProtocolHandler ["http-nio-8080"]
2021-12-12 13:29:12,218 [INFO] from org.apache.catalina.core.StandardService-line:? in main - Starting service [Tomcat]
2021-12-12 13:29:12,218 [INFO] from org.apache.catalina.core.StandardEngine-line:? in main - Starting Servlet engine: [Apache Tomcat/9.0.44]
2021-12-12 13:29:12,266 [INFO] from org.apache.catalina.core.ContainerBase.[Tomcat].[localhost].[/]-line:? in main - Initializing Spring embedded WebApplicationContext
2021-12-12 13:29:12,266 [INFO] from org.springframework.boot.web.servlet.context.ServletWebServerApplicationContext-line:? in main - Root WebApplicationContext: initialization completed in 1324 ms
2021-12-12 13:29:12,317 [DEBUG] from org.springframework.boot.web.servlet.ServletContextInitializerBeans-line:? in main - Mapping filters: shiroFilter urls=[/*] order=1, filterRegistrationBean urls=[/*] order=2147483646, characterEncodingFilter urls=[/*] order=-2147483648, formContentFilter urls=[/*] order=-9900, requestContextFilter urls=[/*] order=-105
2021-12-12 13:29:12,317 [DEBUG] from org.springframework.boot.web.servlet.ServletContextInitializerBeans-line:? in main - Mapping servlets: dispatcherServlet urls=[/]
2021-12-12 13:29:12,320 [INFO] from org.springframework.boot.web.servlet.RegistrationBean-line:? in main - Filter delegatingFilterProxy was not registered (disabled)
2021-12-12 13:29:12,456 [INFO] from org.redisson.Version-line:? in main - Redisson 3.16.1
2021-12-12 13:29:12,488 [WARN] from io.netty.resolver.dns.DnsServerAddressStreamProviders-line:? in main - Can not find io.netty.resolver.dns.macos.MacOSDnsServerAddressStreamProvider in the classpath, fallback to system defaults. This may result in incorrect DNS resolutions on MacOS.
2021-12-12 13:29:12,665 [INFO] from org.redisson.connection.pool.MasterPubSubConnectionPool-line:? in redisson-netty-2-24 - 1 connections initialized for localhost/127.0.0.1:6379
2021-12-12 13:29:12,754 [INFO] from org.redisson.connection.pool.MasterConnectionPool-line:? in redisson-netty-2-20 - 24 connections initialized for localhost/127.0.0.1:6379
2021-12-12 13:29:12,986 [INFO] from org.springframework.scheduling.concurrent.ThreadPoolTaskExecutor-line:? in main - Initializing ExecutorService 'applicationTaskExecutor'
2021-12-12 13:29:13,001 [DEBUG] from org.springframework.web.servlet.mvc.method.annotation.RequestMappingHandlerAdapter-line:? in main - ControllerAdvice beans: 0 @ModelAttribute, 0 @InitBinder, 2 RequestBodyAdvice, 2 ResponseBodyAdvice
2021-12-12 13:29:13,046 [DEBUG] from org.springframework.web.servlet.mvc.method.annotation.RequestMappingHandlerMapping-line:? in main - 8 mappings in 'requestMappingHandlerMapping'
2021-12-12 13:29:13,083 [DEBUG] from org.springframework.web.servlet.handler.SimpleUrlHandlerMapping-line:? in main - Patterns [/webjars/**, /**] in 'resourceHandlerMapping'
2021-12-12 13:29:13,095 [DEBUG] from org.springframework.web.servlet.mvc.method.annotation.ExceptionHandlerExceptionResolver-line:? in main - ControllerAdvice beans: 1 @ExceptionHandler, 2 ResponseBodyAdvice
2021-12-12 13:29:13,178 [INFO] from org.springframework.scheduling.concurrent.ThreadPoolTaskScheduler-line:? in main - Initializing ExecutorService 'taskScheduler'
2021-12-12 13:29:13,235 [INFO] from org.apache.coyote.http11.Http11NioProtocol-line:? in main - Starting ProtocolHandler ["http-nio-8080"]
2021-12-12 13:29:13,248 [INFO] from org.springframework.boot.web.embedded.tomcat.TomcatWebServer-line:? in main - Tomcat started on port(s): 8080 (http) with context path ''
2021-12-12 13:29:13,265 [INFO] from icu.nickxiao.rest.RestApplication-line:? in main - Started RestApplication in 3.191 seconds (JVM running for 5.236)
2021-12-12 13:29:18,859 [INFO] from org.springframework.scheduling.concurrent.ThreadPoolTaskScheduler-line:? in SpringContextShutdownHook - Shutting down ExecutorService 'taskScheduler'
2021-12-12 13:29:18,860 [INFO] from org.springframework.scheduling.concurrent.ThreadPoolTaskExecutor-line:? in SpringContextShutdownHook - Shutting down ExecutorService 'applicationTaskExecutor'
